<?xml version="1.0" encoding="UTF-8"?>
<!-- Generated by org.testng.reporters.JUnitReportReporter -->
<testsuite hostname="DESKTOP-T7URQO6" failures="0" tests="2" name="testNG.ClassD" time="53.278" errors="0" timestamp="2023-01-05T16:01:27 IST" skipped="0">
  <testcase classname="testNG.ClassD" name="demo" time="24.058"/>
  <system-out/>
  <testcase classname="testNG.ClassD" name="demo" time="29.220"/>
  <system-out/>
</testsuite> <!-- testNG.ClassD -->
