<?xml version="1.0" encoding="UTF-8"?>
<!-- Generated by org.testng.reporters.JUnitReportReporter -->
<testsuite hostname="DESKTOP-T7URQO6" failures="0" tests="2" name="testNG.ClassA" time="0.011" errors="0" timestamp="2023-01-04T16:36:32 IST" skipped="0">
  <testcase classname="testNG.ClassA" name="login" time="0.009"/>
  <system-out/>
  <testcase classname="testNG.ClassA" name="logout" time="0.002"/>
  <system-out/>
</testsuite> <!-- testNG.ClassA -->
