<?xml version="1.0" encoding="UTF-8"?>
<!-- Generated by org.testng.reporters.JUnitReportReporter -->
<testsuite hostname="DESKTOP-T7URQO6" failures="0" tests="2" name="basicTestScript.DemoTestScriptTest" time="0.012" errors="0" timestamp="2023-01-06T15:57:36 IST" skipped="0">
  <testcase classname="basicTestScript.DemoTestScriptTest" name="createCustomer" time="0.008"/>
  <system-out/>
  <testcase classname="basicTestScript.DemoTestScriptTest" name="verifyHomePage" time="0.004"/>
  <system-out/>
</testsuite> <!-- basicTestScript.DemoTestScriptTest -->
