<?xml version="1.0" encoding="UTF-8"?>
<!-- Generated by org.testng.reporters.JUnitReportReporter -->
<testsuite hostname="DESKTOP-T7URQO6" failures="0" tests="4" name="testNG.Priority" time="0.029" errors="0" timestamp="2023-01-04T16:18:27 IST" skipped="0">
  <testcase classname="testNG.Priority" name="aemo" time="0.003"/>
  <system-out/>
  <testcase classname="testNG.Priority" name="Bdemo" time="0.022"/>
  <system-out/>
  <testcase classname="testNG.Priority" name="Ademo" time="0.003"/>
  <system-out/>
  <testcase classname="testNG.Priority" name="bdemo" time="0.001"/>
  <system-out/>
</testsuite> <!-- testNG.Priority -->
