<?xml version="1.0" encoding="UTF-8"?>
<!-- Generated by org.testng.reporters.JUnitReportReporter -->
<testsuite hostname="DESKTOP-T7URQO6" failures="0" tests="5" name="testNG.InvocationCount" time="0.009" errors="0" timestamp="2023-01-04T16:18:27 IST" skipped="0">
  <testcase classname="testNG.InvocationCount" name="demoTest" time="0.002"/>
  <system-out/>
  <testcase classname="testNG.InvocationCount" name="demoTest" time="0.002"/>
  <system-out/>
  <testcase classname="testNG.InvocationCount" name="demoTest" time="0.002"/>
  <system-out/>
  <testcase classname="testNG.InvocationCount" name="demoTest" time="0.001"/>
  <system-out/>
  <testcase classname="testNG.InvocationCount" name="demoTest" time="0.002"/>
  <system-out/>
</testsuite> <!-- testNG.InvocationCount -->
