<?xml version="1.0" encoding="UTF-8"?>
<!-- Generated by org.testng.reporters.JUnitReportReporter -->
<testsuite hostname="DESKTOP-T7URQO6" failures="0" tests="1" name="testNG.ClassB" time="2.323" errors="0" timestamp="2023-01-04T17:01:39 IST" skipped="0">
  <testcase classname="testNG.ClassB" name="demo1" time="2.323"/>
  <system-out/>
</testsuite> <!-- testNG.ClassB -->
