<?xml version="1.0" encoding="UTF-8"?>
<!-- Generated by org.testng.reporters.JUnitReportReporter -->
<testsuite hostname="DESKTOP-T7URQO6" failures="0" tests="6" name="testNG.DependOnMethods" time="0.021" errors="0" timestamp="2023-01-04T16:18:27 IST" skipped="0">
  <testcase classname="testNG.DependOnMethods" name="select" time="0.006"/>
  <system-out/>
  <testcase classname="testNG.DependOnMethods" name="logout" time="0.002"/>
  <system-out/>
  <testcase classname="testNG.DependOnMethods" name="addToCart" time="0.001"/>
  <system-out/>
  <testcase classname="testNG.DependOnMethods" name="search" time="0.004"/>
  <system-out/>
  <testcase classname="testNG.DependOnMethods" name="payment" time="0.004"/>
  <system-out/>
  <testcase classname="testNG.DependOnMethods" name="login" time="0.004"/>
  <system-out/>
</testsuite> <!-- testNG.DependOnMethods -->
