<?xml version="1.0" encoding="UTF-8"?>
<!-- Generated by org.testng.reporters.JUnitReportReporter -->
<testsuite hostname="DESKTOP-T7URQO6" failures="0" tests="3" name="testNG.Test1" time="0.019" errors="0" timestamp="2023-01-04T16:18:27 IST" skipped="0">
  <testcase classname="testNG.Test1" name="demo1" time="0.011"/>
  <system-out/>
  <testcase classname="testNG.Test1" name="demo2" time="0.003"/>
  <system-out/>
  <testcase classname="testNG.Test1" name="demo3" time="0.005"/>
  <system-out/>
</testsuite> <!-- testNG.Test1 -->
